0 info it worked if it ends with ok
1 verbose cli [ '/Users/blake/myapp/node-v6.10.0-darwin-x64/bin/node',
1 verbose cli   '/Users/blake/myapp/node-v6.10.0-darwin-x64/bin/npm',
1 verbose cli   'start' ]
2 info using npm@3.10.10
3 info using node@v6.10.0
4 verbose run-script [ 'prestart', 'start', 'poststart' ]
5 info lifecycle messenger@0.0.0~prestart: messenger@0.0.0
6 silly lifecycle messenger@0.0.0~prestart: no script for prestart, continuing
7 info lifecycle messenger@0.0.0~start: messenger@0.0.0
8 verbose lifecycle messenger@0.0.0~start: unsafe-perm in lifecycle true
9 verbose lifecycle messenger@0.0.0~start: PATH: /Users/blake/myapp/node-v6.10.0-darwin-x64/lib/node_modules/npm/bin/node-gyp-bin:/Users/blake/web/project/messenger/node_modules/.bin:/usr/local/bin:/usr/bin:/bin:/usr/sbin:/sbin:/Library/TeX/texbin:/Users/blake/myapp/node-v6.10.0-darwin-x64/bin:/Users/blake/eslab/messenger/node_modules/.bin:/Users/blake/myapp/node-v6.10.0-darwin-x64/bin:/Users/blake/myapp/express/node_modules/.bin:/Users/blake/eslab/messenger/node_modules/.bin
10 verbose lifecycle messenger@0.0.0~start: CWD: /Users/blake/web/project/messenger
11 silly lifecycle messenger@0.0.0~start: Args: [ '-c', 'node ./bin/www' ]
12 silly lifecycle messenger@0.0.0~start: Returned: code: 1  signal: null
13 info lifecycle messenger@0.0.0~start: Failed to exec start script
14 verbose stack Error: messenger@0.0.0 start: `node ./bin/www`
14 verbose stack Exit status 1
14 verbose stack     at EventEmitter.<anonymous> (/Users/blake/myapp/node-v6.10.0-darwin-x64/lib/node_modules/npm/lib/utils/lifecycle.js:255:16)
14 verbose stack     at emitTwo (events.js:106:13)
14 verbose stack     at EventEmitter.emit (events.js:191:7)
14 verbose stack     at ChildProcess.<anonymous> (/Users/blake/myapp/node-v6.10.0-darwin-x64/lib/node_modules/npm/lib/utils/spawn.js:40:14)
14 verbose stack     at emitTwo (events.js:106:13)
14 verbose stack     at ChildProcess.emit (events.js:191:7)
14 verbose stack     at maybeClose (internal/child_process.js:877:16)
14 verbose stack     at Process.ChildProcess._handle.onexit (internal/child_process.js:226:5)
15 verbose pkgid messenger@0.0.0
16 verbose cwd /Users/blake/web/project/messenger
17 error Darwin 16.4.0
18 error argv "/Users/blake/myapp/node-v6.10.0-darwin-x64/bin/node" "/Users/blake/myapp/node-v6.10.0-darwin-x64/bin/npm" "start"
19 error node v6.10.0
20 error npm  v3.10.10
21 error code ELIFECYCLE
22 error messenger@0.0.0 start: `node ./bin/www`
22 error Exit status 1
23 error Failed at the messenger@0.0.0 start script 'node ./bin/www'.
23 error Make sure you have the latest version of node.js and npm installed.
23 error If you do, this is most likely a problem with the messenger package,
23 error not with npm itself.
23 error Tell the author that this fails on your system:
23 error     node ./bin/www
23 error You can get information on how to open an issue for this project with:
23 error     npm bugs messenger
23 error Or if that isn't available, you can get their info via:
23 error     npm owner ls messenger
23 error There is likely additional logging output above.
24 verbose exit [ 1, true ]
